0 info it worked if it ends with ok
1 verbose cli [ '/usr/local/bin/node', '/usr/local/bin/npm', 'run', 'dev' ]
2 info using npm@3.3.12
3 info using node@v5.3.0
4 verbose run-script [ 'predev', 'dev', 'postdev' ]
5 info lifecycle vue-onlySlider-x@~predev: vue-onlySlider-x@
6 silly lifecycle vue-onlySlider-x@~predev: no script for predev, continuing
7 info lifecycle vue-onlySlider-x@~dev: vue-onlySlider-x@
8 verbose lifecycle vue-onlySlider-x@~dev: unsafe-perm in lifecycle true
9 verbose lifecycle vue-onlySlider-x@~dev: PATH: /usr/local/lib/node_modules/npm/bin/node-gyp-bin:/Users/ChongZi/Documents/webapp/vue-onlySlider-x/node_modules/.bin:/Applications/Cocos/tools/ant/bin:/Applications/Cocos/frameworks:/Applications/Cocos/frameworks/cocos2d-x-3.8/tools/cocos2d-console/bin:/Library/Ruby/Gems/2.0.0/gems/sass-3.4.13/bin:/Library/Ruby/Gems/2.0.0/gems/compass-1.0.3/bin:/Users/ChongZi/cmd:/Applications/android-sdk-macosx/apache-ant-1.9.5/bin:/Applications/android-sdk-macosx/platform-tools:/Applications/android-sdk-macosx/tools:/usr/local/bin:/usr/bin:/bin:/usr/sbin:/sbin:/opt/X11/bin
10 verbose lifecycle vue-onlySlider-x@~dev: CWD: /Users/ChongZi/Documents/webapp/vue-onlySlider-x
11 silly lifecycle vue-onlySlider-x@~dev: Args: [ '-c', 'webpack-dev-server --inline --port 9999' ]
12 silly lifecycle vue-onlySlider-x@~dev: Returned: code: 1  signal: null
13 info lifecycle vue-onlySlider-x@~dev: Failed to exec dev script
14 verbose stack Error: vue-onlySlider-x@ dev: `webpack-dev-server --inline --port 9999`
14 verbose stack Exit status 1
14 verbose stack     at EventEmitter.<anonymous> (/usr/local/lib/node_modules/npm/lib/utils/lifecycle.js:232:16)
14 verbose stack     at emitTwo (events.js:87:13)
14 verbose stack     at EventEmitter.emit (events.js:172:7)
14 verbose stack     at ChildProcess.<anonymous> (/usr/local/lib/node_modules/npm/lib/utils/spawn.js:24:14)
14 verbose stack     at emitTwo (events.js:87:13)
14 verbose stack     at ChildProcess.emit (events.js:172:7)
14 verbose stack     at maybeClose (internal/child_process.js:818:16)
14 verbose stack     at Process.ChildProcess._handle.onexit (internal/child_process.js:211:5)
15 verbose pkgid vue-onlySlider-x@
16 verbose cwd /Users/ChongZi/Documents/webapp/vue-onlySlider-x
17 error Darwin 15.0.0
18 error argv "/usr/local/bin/node" "/usr/local/bin/npm" "run" "dev"
19 error node v5.3.0
20 error npm  v3.3.12
21 error code ELIFECYCLE
22 error vue-onlySlider-x@ dev: `webpack-dev-server --inline --port 9999`
22 error Exit status 1
23 error Failed at the vue-onlySlider-x@ dev script 'webpack-dev-server --inline --port 9999'.
23 error Make sure you have the latest version of node.js and npm installed.
23 error If you do, this is most likely a problem with the vue-onlySlider-x package,
23 error not with npm itself.
23 error Tell the author that this fails on your system:
23 error     webpack-dev-server --inline --port 9999
23 error You can get their info via:
23 error     npm owner ls vue-onlySlider-x
23 error There is likely additional logging output above.
24 verbose exit [ 1, true ]
